#
# There is insufficient memory for the Java Runtime Environment to continue.
# Native memory allocation (malloc) failed to allocate 823344 bytes for Chunk::new
# Possible reasons:
#   The system is out of physical RAM or swap space
#   The process is running with CompressedOops enabled, and the Java Heap may be blocking the growth of the native heap
# Possible solutions:
#   Reduce memory load on the system
#   Increase physical memory or swap space
#   Check if swap backing store is full
#   Decrease Java heap size (-Xmx/-Xms)
#   Decrease number of Java threads
#   Decrease Java thread stack sizes (-Xss)
#   Set larger code cache with -XX:ReservedCodeCacheSize=
#   JVM is running with Zero Based Compressed Oops mode in which the Java heap is
#     placed in the first 32GB address space. The Java Heap base address is the
#     maximum limit for the native heap growth. Please use -XX:HeapBaseMinAddress
#     to set the Java Heap base and to place the Java Heap above 32GB virtual address.
# This output file may be truncated or incomplete.
#
#  Out of Memory Error (arena.cpp:191), pid=33356, tid=28348
#
# JRE version: OpenJDK Runtime Environment Temurin-17.0.9+9 (17.0.9+9) (build 17.0.9+9)
# Java VM: OpenJDK 64-Bit Server VM Temurin-17.0.9+9 (17.0.9+9, mixed mode, sharing, tiered, compressed oops, compressed class ptrs, g1 gc, windows-amd64)
# No core dump will be written. Minidumps are not enabled by default on client versions of Windows
#

---------------  S U M M A R Y ------------

Command Line: -Dcom.android.sdkmanager.toolsdir=D:\Unity\6000.0.47f1\Editor\Data\PlaybackEngines\AndroidPlayer\SDK\cmdline-tools\16.0\bin\\.. com.android.sdklib.tool.AvdManagerCli list target -c

Host: 13th Gen Intel(R) Core(TM) i7-13620H, 16 cores, 15G,  Windows 11 , 64 bit Build 22621 (10.0.22621.5415)
Time: Sat Jun 21 21:18:02 2025 SE Asia Standard Time elapsed time: 0.562091 seconds (0d 0h 0m 0s)

---------------  T H R E A D  ---------------

Current thread (0x0000016933ada590):  JavaThread "C2 CompilerThread1" daemon [_thread_in_native, id=28348, stack(0x0000001d57300000,0x0000001d57400000)]


Current CompileTask:
C2:    562  823       4       java.util.jar.JarFile::getEntry (35 bytes)

Stack: [0x0000001d57300000,0x0000001d57400000]
Native frames: (J=compiled Java code, j=interpreted, Vv=VM code, C=native code)
V  [jvm.dll+0x67cf49]
V  [jvm.dll+0x83478a]
V  [jvm.dll+0x83624e]
V  [jvm.dll+0x8368b3]
V  [jvm.dll+0x247f1f]
V  [jvm.dll+0xac43c]
V  [jvm.dll+0xaca8c]
V  [jvm.dll+0x367067]
V  [jvm.dll+0x3313ba]
V  [jvm.dll+0x33085a]
V  [jvm.dll+0x21a5b1]
V  [jvm.dll+0x2199d1]
V  [jvm.dll+0x1a57cd]
V  [jvm.dll+0x2297ae]
V  [jvm.dll+0x22797c]
V  [jvm.dll+0x7e9877]
V  [jvm.dll+0x7e3c3a]
V  [jvm.dll+0x67be35]
C  [ucrtbase.dll+0x29333]
C  [KERNEL32.DLL+0x1259d]
C  [ntdll.dll+0x5af78]


---------------  P R O C E S S  ---------------

Threads class SMR info:
_java_thread_list=0x0000016979271730, length=16, elements={
0x00000169100bde00, 0x000001693391b0c0, 0x000001693391bf40, 0x0000016933937cd0,
0x000001693393a6a0, 0x000001693393b060, 0x000001693393ba20, 0x000001693393c7c0,
0x0000016933949790, 0x0000016933954970, 0x0000016933a08ae0, 0x0000016933ad0d20,
0x0000016933ad1c60, 0x000001697922d0a0, 0x0000016979229080, 0x0000016933ada590
}

Java Threads: ( => current thread )
  0x00000169100bde00 JavaThread "main" [_thread_in_vm, id=32368, stack(0x0000001d55d00000,0x0000001d55e00000)]
  0x000001693391b0c0 JavaThread "Reference Handler" daemon [_thread_blocked, id=34076, stack(0x0000001d56400000,0x0000001d56500000)]
  0x000001693391bf40 JavaThread "Finalizer" daemon [_thread_blocked, id=30300, stack(0x0000001d56500000,0x0000001d56600000)]
  0x0000016933937cd0 JavaThread "Signal Dispatcher" daemon [_thread_blocked, id=35784, stack(0x0000001d56600000,0x0000001d56700000)]
  0x000001693393a6a0 JavaThread "Attach Listener" daemon [_thread_blocked, id=31768, stack(0x0000001d56700000,0x0000001d56800000)]
  0x000001693393b060 JavaThread "Service Thread" daemon [_thread_blocked, id=26020, stack(0x0000001d56800000,0x0000001d56900000)]
  0x000001693393ba20 JavaThread "Monitor Deflation Thread" daemon [_thread_blocked, id=15132, stack(0x0000001d56900000,0x0000001d56a00000)]
  0x000001693393c7c0 JavaThread "C2 CompilerThread0" daemon [_thread_in_native, id=33652, stack(0x0000001d56a00000,0x0000001d56b00000)]
  0x0000016933949790 JavaThread "C1 CompilerThread0" daemon [_thread_blocked, id=4180, stack(0x0000001d56b00000,0x0000001d56c00000)]
  0x0000016933954970 JavaThread "Sweeper thread" daemon [_thread_blocked, id=9832, stack(0x0000001d56c00000,0x0000001d56d00000)]
  0x0000016933a08ae0 JavaThread "C1 CompilerThread1" daemon [_thread_blocked, id=13864, stack(0x0000001d56d00000,0x0000001d56e00000)]
  0x0000016933ad0d20 JavaThread "Notification Thread" daemon [_thread_blocked, id=23460, stack(0x0000001d56e00000,0x0000001d56f00000)]
  0x0000016933ad1c60 JavaThread "Common-Cleaner" daemon [_thread_blocked, id=12912, stack(0x0000001d57000000,0x0000001d57100000)]
  0x000001697922d0a0 JavaThread "C1 CompilerThread2" daemon [_thread_blocked, id=9020, stack(0x0000001d57100000,0x0000001d57200000)]
  0x0000016979229080 JavaThread "C1 CompilerThread3" daemon [_thread_blocked, id=19224, stack(0x0000001d57200000,0x0000001d57300000)]
=>0x0000016933ada590 JavaThread "C2 CompilerThread1" daemon [_thread_in_native, id=28348, stack(0x0000001d57300000,0x0000001d57400000)]

Other Threads:
  0x00000169339166a0 VMThread "VM Thread" [stack: 0x0000001d56300000,0x0000001d56400000] [id=35260]
  0x0000016933ad1200 WatcherThread [stack: 0x0000001d56f00000,0x0000001d57000000] [id=34296]
  0x000001691012c9d0 GCTaskThread "GC Thread#0" [stack: 0x0000001d55e00000,0x0000001d55f00000] [id=24156]
  0x000001691013d360 ConcurrentGCThread "G1 Main Marker" [stack: 0x0000001d55f00000,0x0000001d56000000] [id=29652]
  0x000001691013dd80 ConcurrentGCThread "G1 Conc#0" [stack: 0x0000001d56000000,0x0000001d56100000] [id=12572]
  0x000001691016ece0 ConcurrentGCThread "G1 Refine#0" [stack: 0x0000001d56100000,0x0000001d56200000] [id=25516]
  0x0000016933371040 ConcurrentGCThread "G1 Service" [stack: 0x0000001d56200000,0x0000001d56300000] [id=31652]

Threads with active compile tasks:
C2 CompilerThread0      580  921       4       java.lang.String::substring (58 bytes)
C2 CompilerThread1      580  823       4       java.util.jar.JarFile::getEntry (35 bytes)

VM state: not at safepoint (normal execution)

VM Mutex/Monitor currently owned by a thread: None

Heap address: 0x0000000705c00000, size: 4004 MB, Compressed Oops mode: Zero based, Oop shift amount: 3

CDS archive(s) mapped at: [0x0000016934000000-0x0000016934ba0000-0x0000016934ba0000), size 12189696, SharedBaseAddress: 0x0000016934000000, ArchiveRelocationMode: 1.
Compressed class space mapped at: 0x0000016935000000-0x0000016975000000, reserved size: 1073741824
Narrow klass base: 0x0000016934000000, Narrow klass shift: 0, Narrow klass range: 0x100000000

GC Precious Log:
 CPUs: 16 total, 16 available
 Memory: 16010M
 Large Page Support: Disabled
 NUMA Support: Disabled
 Compressed Oops: Enabled (Zero based)
 Heap Region Size: 2M
 Heap Min Capacity: 8M
 Heap Initial Capacity: 252M
 Heap Max Capacity: 4004M
 Pre-touch: Disabled
 Parallel Workers: 13
 Concurrent Workers: 3
 Concurrent Refinement Workers: 13
 Periodic GC: Disabled

Heap:
 garbage-first heap   total 258048K, used 16384K [0x0000000705c00000, 0x0000000800000000)
  region size 2048K, 10 young (20480K), 0 survivors (0K)
 Metaspace       used 5914K, committed 6080K, reserved 1114112K
  class space    used 653K, committed 768K, reserved 1048576K

Heap Regions: E=young(eden), S=young(survivor), O=old, HS=humongous(starts), HC=humongous(continues), CS=collection set, F=free, OA=open archive, CA=closed archive, TAMS=top-at-mark-start (previous, next)
|   0|0x0000000705c00000, 0x0000000705c00000, 0x0000000705e00000|  0%| F|  |TAMS 0x0000000705c00000, 0x0000000705c00000| Untracked 
|   1|0x0000000705e00000, 0x0000000705e00000, 0x0000000706000000|  0%| F|  |TAMS 0x0000000705e00000, 0x0000000705e00000| Untracked 
|   2|0x0000000706000000, 0x0000000706000000, 0x0000000706200000|  0%| F|  |TAMS 0x0000000706000000, 0x0000000706000000| Untracked 
|   3|0x0000000706200000, 0x0000000706200000, 0x0000000706400000|  0%| F|  |TAMS 0x0000000706200000, 0x0000000706200000| Untracked 
|   4|0x0000000706400000, 0x0000000706400000, 0x0000000706600000|  0%| F|  |TAMS 0x0000000706400000, 0x0000000706400000| Untracked 
|   5|0x0000000706600000, 0x0000000706600000, 0x0000000706800000|  0%| F|  |TAMS 0x0000000706600000, 0x0000000706600000| Untracked 
|   6|0x0000000706800000, 0x0000000706800000, 0x0000000706a00000|  0%| F|  |TAMS 0x0000000706800000, 0x0000000706800000| Untracked 
|   7|0x0000000706a00000, 0x0000000706a00000, 0x0000000706c00000|  0%| F|  |TAMS 0x0000000706a00000, 0x0000000706a00000| Untracked 
|   8|0x0000000706c00000, 0x0000000706c00000, 0x0000000706e00000|  0%| F|  |TAMS 0x0000000706c00000, 0x0000000706c00000| Untracked 
|   9|0x0000000706e00000, 0x0000000706e00000, 0x0000000707000000|  0%| F|  |TAMS 0x0000000706e00000, 0x0000000706e00000| Untracked 
|  10|0x0000000707000000, 0x0000000707000000, 0x0000000707200000|  0%| F|  |TAMS 0x0000000707000000, 0x0000000707000000| Untracked 
|  11|0x0000000707200000, 0x0000000707200000, 0x0000000707400000|  0%| F|  |TAMS 0x0000000707200000, 0x0000000707200000| Untracked 
|  12|0x0000000707400000, 0x0000000707400000, 0x0000000707600000|  0%| F|  |TAMS 0x0000000707400000, 0x0000000707400000| Untracked 
|  13|0x0000000707600000, 0x0000000707600000, 0x0000000707800000|  0%| F|  |TAMS 0x0000000707600000, 0x0000000707600000| Untracked 
|  14|0x0000000707800000, 0x0000000707800000, 0x0000000707a00000|  0%| F|  |TAMS 0x0000000707800000, 0x0000000707800000| Untracked 
|  15|0x0000000707a00000, 0x0000000707a00000, 0x0000000707c00000|  0%| F|  |TAMS 0x0000000707a00000, 0x0000000707a00000| Untracked 
|  16|0x0000000707c00000, 0x0000000707c00000, 0x0000000707e00000|  0%| F|  |TAMS 0x0000000707c00000, 0x0000000707c00000| Untracked 
|  17|0x0000000707e00000, 0x0000000707e00000, 0x0000000708000000|  0%| F|  |TAMS 0x0000000707e00000, 0x0000000707e00000| Untracked 
|  18|0x0000000708000000, 0x0000000708000000, 0x0000000708200000|  0%| F|  |TAMS 0x0000000708000000, 0x0000000708000000| Untracked 
|  19|0x0000000708200000, 0x0000000708200000, 0x0000000708400000|  0%| F|  |TAMS 0x0000000708200000, 0x0000000708200000| Untracked 
|  20|0x0000000708400000, 0x0000000708400000, 0x0000000708600000|  0%| F|  |TAMS 0x0000000708400000, 0x0000000708400000| Untracked 
|  21|0x0000000708600000, 0x0000000708600000, 0x0000000708800000|  0%| F|  |TAMS 0x0000000708600000, 0x0000000708600000| Untracked 
|  22|0x0000000708800000, 0x0000000708800000, 0x0000000708a00000|  0%| F|  |TAMS 0x0000000708800000, 0x0000000708800000| Untracked 
|  23|0x0000000708a00000, 0x0000000708a00000, 0x0000000708c00000|  0%| F|  |TAMS 0x0000000708a00000, 0x0000000708a00000| Untracked 
|  24|0x0000000708c00000, 0x0000000708c00000, 0x0000000708e00000|  0%| F|  |TAMS 0x0000000708c00000, 0x0000000708c00000| Untracked 
|  25|0x0000000708e00000, 0x0000000708e00000, 0x0000000709000000|  0%| F|  |TAMS 0x0000000708e00000, 0x0000000708e00000| Untracked 
|  26|0x0000000709000000, 0x0000000709000000, 0x0000000709200000|  0%| F|  |TAMS 0x0000000709000000, 0x0000000709000000| Untracked 
|  27|0x0000000709200000, 0x0000000709200000, 0x0000000709400000|  0%| F|  |TAMS 0x0000000709200000, 0x0000000709200000| Untracked 
|  28|0x0000000709400000, 0x0000000709400000, 0x0000000709600000|  0%| F|  |TAMS 0x0000000709400000, 0x0000000709400000| Untracked 
|  29|0x0000000709600000, 0x0000000709600000, 0x0000000709800000|  0%| F|  |TAMS 0x0000000709600000, 0x0000000709600000| Untracked 
|  30|0x0000000709800000, 0x0000000709800000, 0x0000000709a00000|  0%| F|  |TAMS 0x0000000709800000, 0x0000000709800000| Untracked 
|  31|0x0000000709a00000, 0x0000000709a00000, 0x0000000709c00000|  0%| F|  |TAMS 0x0000000709a00000, 0x0000000709a00000| Untracked 
|  32|0x0000000709c00000, 0x0000000709c00000, 0x0000000709e00000|  0%| F|  |TAMS 0x0000000709c00000, 0x0000000709c00000| Untracked 
|  33|0x0000000709e00000, 0x0000000709e00000, 0x000000070a000000|  0%| F|  |TAMS 0x0000000709e00000, 0x0000000709e00000| Untracked 
|  34|0x000000070a000000, 0x000000070a000000, 0x000000070a200000|  0%| F|  |TAMS 0x000000070a000000, 0x000000070a000000| Untracked 
|  35|0x000000070a200000, 0x000000070a200000, 0x000000070a400000|  0%| F|  |TAMS 0x000000070a200000, 0x000000070a200000| Untracked 
|  36|0x000000070a400000, 0x000000070a400000, 0x000000070a600000|  0%| F|  |TAMS 0x000000070a400000, 0x000000070a400000| Untracked 
|  37|0x000000070a600000, 0x000000070a600000, 0x000000070a800000|  0%| F|  |TAMS 0x000000070a600000, 0x000000070a600000| Untracked 
|  38|0x000000070a800000, 0x000000070a800000, 0x000000070aa00000|  0%| F|  |TAMS 0x000000070a800000, 0x000000070a800000| Untracked 
|  39|0x000000070aa00000, 0x000000070aa00000, 0x000000070ac00000|  0%| F|  |TAMS 0x000000070aa00000, 0x000000070aa00000| Untracked 
|  40|0x000000070ac00000, 0x000000070ac00000, 0x000000070ae00000|  0%| F|  |TAMS 0x000000070ac00000, 0x000000070ac00000| Untracked 
|  41|0x000000070ae00000, 0x000000070ae00000, 0x000000070b000000|  0%| F|  |TAMS 0x000000070ae00000, 0x000000070ae00000| Untracked 
|  42|0x000000070b000000, 0x000000070b000000, 0x000000070b200000|  0%| F|  |TAMS 0x000000070b000000, 0x000000070b000000| Untracked 
|  43|0x000000070b200000, 0x000000070b200000, 0x000000070b400000|  0%| F|  |TAMS 0x000000070b200000, 0x000000070b200000| Untracked 
|  44|0x000000070b400000, 0x000000070b400000, 0x000000070b600000|  0%| F|  |TAMS 0x000000070b400000, 0x000000070b400000| Untracked 
|  45|0x000000070b600000, 0x000000070b600000, 0x000000070b800000|  0%| F|  |TAMS 0x000000070b600000, 0x000000070b600000| Untracked 
|  46|0x000000070b800000, 0x000000070b800000, 0x000000070ba00000|  0%| F|  |TAMS 0x000000070b800000, 0x000000070b800000| Untracked 
|  47|0x000000070ba00000, 0x000000070ba00000, 0x000000070bc00000|  0%| F|  |TAMS 0x000000070ba00000, 0x000000070ba00000| Untracked 
|  48|0x000000070bc00000, 0x000000070bc00000, 0x000000070be00000|  0%| F|  |TAMS 0x000000070bc00000, 0x000000070bc00000| Untracked 
|  49|0x000000070be00000, 0x000000070be00000, 0x000000070c000000|  0%| F|  |TAMS 0x000000070be00000, 0x000000070be00000| Untracked 
|  50|0x000000070c000000, 0x000000070c000000, 0x000000070c200000|  0%| F|  |TAMS 0x000000070c000000, 0x000000070c000000| Untracked 
|  51|0x000000070c200000, 0x000000070c200000, 0x000000070c400000|  0%| F|  |TAMS 0x000000070c200000, 0x000000070c200000| Untracked 
|  52|0x000000070c400000, 0x000000070c400000, 0x000000070c600000|  0%| F|  |TAMS 0x000000070c400000, 0x000000070c400000| Untracked 
|  53|0x000000070c600000, 0x000000070c600000, 0x000000070c800000|  0%| F|  |TAMS 0x000000070c600000, 0x000000070c600000| Untracked 
|  54|0x000000070c800000, 0x000000070c800000, 0x000000070ca00000|  0%| F|  |TAMS 0x000000070c800000, 0x000000070c800000| Untracked 
|  55|0x000000070ca00000, 0x000000070ca00000, 0x000000070cc00000|  0%| F|  |TAMS 0x000000070ca00000, 0x000000070ca00000| Untracked 
|  56|0x000000070cc00000, 0x000000070cc00000, 0x000000070ce00000|  0%| F|  |TAMS 0x000000070cc00000, 0x000000070cc00000| Untracked 
|  57|0x000000070ce00000, 0x000000070ce00000, 0x000000070d000000|  0%| F|  |TAMS 0x000000070ce00000, 0x000000070ce00000| Untracked 
|  58|0x000000070d000000, 0x000000070d000000, 0x000000070d200000|  0%| F|  |TAMS 0x000000070d000000, 0x000000070d000000| Untracked 
|  59|0x000000070d200000, 0x000000070d200000, 0x000000070d400000|  0%| F|  |TAMS 0x000000070d200000, 0x000000070d200000| Untracked 
|  60|0x000000070d400000, 0x000000070d400000, 0x000000070d600000|  0%| F|  |TAMS 0x000000070d400000, 0x000000070d400000| Untracked 
|  61|0x000000070d600000, 0x000000070d600000, 0x000000070d800000|  0%| F|  |TAMS 0x000000070d600000, 0x000000070d600000| Untracked 
|  62|0x000000070d800000, 0x000000070d800000, 0x000000070da00000|  0%| F|  |TAMS 0x000000070d800000, 0x000000070d800000| Untracked 
|  63|0x000000070da00000, 0x000000070da00000, 0x000000070dc00000|  0%| F|  |TAMS 0x000000070da00000, 0x000000070da00000| Untracked 
|  64|0x000000070dc00000, 0x000000070dc00000, 0x000000070de00000|  0%| F|  |TAMS 0x000000070dc00000, 0x000000070dc00000| Untracked 
|  65|0x000000070de00000, 0x000000070de00000, 0x000000070e000000|  0%| F|  |TAMS 0x000000070de00000, 0x000000070de00000| Untracked 
|  66|0x000000070e000000, 0x000000070e000000, 0x000000070e200000|  0%| F|  |TAMS 0x000000070e000000, 0x000000070e000000| Untracked 
|  67|0x000000070e200000, 0x000000070e200000, 0x000000070e400000|  0%| F|  |TAMS 0x000000070e200000, 0x000000070e200000| Untracked 
|  68|0x000000070e400000, 0x000000070e400000, 0x000000070e600000|  0%| F|  |TAMS 0x000000070e400000, 0x000000070e400000| Untracked 
|  69|0x000000070e600000, 0x000000070e600000, 0x000000070e800000|  0%| F|  |TAMS 0x000000070e600000, 0x000000070e600000| Untracked 
|  70|0x000000070e800000, 0x000000070e800000, 0x000000070ea00000|  0%| F|  |TAMS 0x000000070e800000, 0x000000070e800000| Untracked 
|  71|0x000000070ea00000, 0x000000070ea00000, 0x000000070ec00000|  0%| F|  |TAMS 0x000000070ea00000, 0x000000070ea00000| Untracked 
|  72|0x000000070ec00000, 0x000000070ec00000, 0x000000070ee00000|  0%| F|  |TAMS 0x000000070ec00000, 0x000000070ec00000| Untracked 
|  73|0x000000070ee00000, 0x000000070ee00000, 0x000000070f000000|  0%| F|  |TAMS 0x000000070ee00000, 0x000000070ee00000| Untracked 
|  74|0x000000070f000000, 0x000000070f000000, 0x000000070f200000|  0%| F|  |TAMS 0x000000070f000000, 0x000000070f000000| Untracked 
|  75|0x000000070f200000, 0x000000070f200000, 0x000000070f400000|  0%| F|  |TAMS 0x000000070f200000, 0x000000070f200000| Untracked 
|  76|0x000000070f400000, 0x000000070f400000, 0x000000070f600000|  0%| F|  |TAMS 0x000000070f400000, 0x000000070f400000| Untracked 
|  77|0x000000070f600000, 0x000000070f600000, 0x000000070f800000|  0%| F|  |TAMS 0x000000070f600000, 0x000000070f600000| Untracked 
|  78|0x000000070f800000, 0x000000070f800000, 0x000000070fa00000|  0%| F|  |TAMS 0x000000070f800000, 0x000000070f800000| Untracked 
|  79|0x000000070fa00000, 0x000000070fa00000, 0x000000070fc00000|  0%| F|  |TAMS 0x000000070fa00000, 0x000000070fa00000| Untracked 
|  80|0x000000070fc00000, 0x000000070fc00000, 0x000000070fe00000|  0%| F|  |TAMS 0x000000070fc00000, 0x000000070fc00000| Untracked 
|  81|0x000000070fe00000, 0x000000070fe00000, 0x0000000710000000|  0%| F|  |TAMS 0x000000070fe00000, 0x000000070fe00000| Untracked 
|  82|0x0000000710000000, 0x0000000710000000, 0x0000000710200000|  0%| F|  |TAMS 0x0000000710000000, 0x0000000710000000| Untracked 
|  83|0x0000000710200000, 0x0000000710200000, 0x0000000710400000|  0%| F|  |TAMS 0x0000000710200000, 0x0000000710200000| Untracked 
|  84|0x0000000710400000, 0x0000000710400000, 0x0000000710600000|  0%| F|  |TAMS 0x0000000710400000, 0x0000000710400000| Untracked 
|  85|0x0000000710600000, 0x0000000710600000, 0x0000000710800000|  0%| F|  |TAMS 0x0000000710600000, 0x0000000710600000| Untracked 
|  86|0x0000000710800000, 0x0000000710800000, 0x0000000710a00000|  0%| F|  |TAMS 0x0000000710800000, 0x0000000710800000| Untracked 
|  87|0x0000000710a00000, 0x0000000710a00000, 0x0000000710c00000|  0%| F|  |TAMS 0x0000000710a00000, 0x0000000710a00000| Untracked 
|  88|0x0000000710c00000, 0x0000000710c00000, 0x0000000710e00000|  0%| F|  |TAMS 0x0000000710c00000, 0x0000000710c00000| Untracked 
|  89|0x0000000710e00000, 0x0000000710e00000, 0x0000000711000000|  0%| F|  |TAMS 0x0000000710e00000, 0x0000000710e00000| Untracked 
|  90|0x0000000711000000, 0x0000000711000000, 0x0000000711200000|  0%| F|  |TAMS 0x0000000711000000, 0x0000000711000000| Untracked 
|  91|0x0000000711200000, 0x0000000711200000, 0x0000000711400000|  0%| F|  |TAMS 0x0000000711200000, 0x0000000711200000| Untracked 
|  92|0x0000000711400000, 0x0000000711400000, 0x0000000711600000|  0%| F|  |TAMS 0x0000000711400000, 0x0000000711400000| Untracked 
|  93|0x0000000711600000, 0x0000000711600000, 0x0000000711800000|  0%| F|  |TAMS 0x0000000711600000, 0x0000000711600000| Untracked 
|  94|0x0000000711800000, 0x0000000711800000, 0x0000000711a00000|  0%| F|  |TAMS 0x0000000711800000, 0x0000000711800000| Untracked 
|  95|0x0000000711a00000, 0x0000000711a00000, 0x0000000711c00000|  0%| F|  |TAMS 0x0000000711a00000, 0x0000000711a00000| Untracked 
|  96|0x0000000711c00000, 0x0000000711c00000, 0x0000000711e00000|  0%| F|  |TAMS 0x0000000711c00000, 0x0000000711c00000| Untracked 
|  97|0x0000000711e00000, 0x0000000711e00000, 0x0000000712000000|  0%| F|  |TAMS 0x0000000711e00000, 0x0000000711e00000| Untracked 
|  98|0x0000000712000000, 0x0000000712000000, 0x0000000712200000|  0%| F|  |TAMS 0x0000000712000000, 0x0000000712000000| Untracked 
|  99|0x0000000712200000, 0x0000000712200000, 0x0000000712400000|  0%| F|  |TAMS 0x0000000712200000, 0x0000000712200000| Untracked 
| 100|0x0000000712400000, 0x0000000712400000, 0x0000000712600000|  0%| F|  |TAMS 0x0000000712400000, 0x0000000712400000| Untracked 
| 101|0x0000000712600000, 0x0000000712600000, 0x0000000712800000|  0%| F|  |TAMS 0x0000000712600000, 0x0000000712600000| Untracked 
| 102|0x0000000712800000, 0x0000000712800000, 0x0000000712a00000|  0%| F|  |TAMS 0x0000000712800000, 0x0000000712800000| Untracked 
| 103|0x0000000712a00000, 0x0000000712a00000, 0x0000000712c00000|  0%| F|  |TAMS 0x0000000712a00000, 0x0000000712a00000| Untracked 
| 104|0x0000000712c00000, 0x0000000712c00000, 0x0000000712e00000|  0%| F|  |TAMS 0x0000000712c00000, 0x0000000712c00000| Untracked 
| 105|0x0000000712e00000, 0x0000000712e00000, 0x0000000713000000|  0%| F|  |TAMS 0x0000000712e00000, 0x0000000712e00000| Untracked 
| 106|0x0000000713000000, 0x0000000713000000, 0x0000000713200000|  0%| F|  |TAMS 0x0000000713000000, 0x0000000713000000| Untracked 
| 107|0x0000000713200000, 0x0000000713200000, 0x0000000713400000|  0%| F|  |TAMS 0x0000000713200000, 0x0000000713200000| Untracked 
| 108|0x0000000713400000, 0x0000000713400000, 0x0000000713600000|  0%| F|  |TAMS 0x0000000713400000, 0x0000000713400000| Untracked 
| 109|0x0000000713600000, 0x0000000713600000, 0x0000000713800000|  0%| F|  |TAMS 0x0000000713600000, 0x0000000713600000| Untracked 
| 110|0x0000000713800000, 0x0000000713800000, 0x0000000713a00000|  0%| F|  |TAMS 0x0000000713800000, 0x0000000713800000| Untracked 
| 111|0x0000000713a00000, 0x0000000713a00000, 0x0000000713c00000|  0%| F|  |TAMS 0x0000000713a00000, 0x0000000713a00000| Untracked 
| 112|0x0000000713c00000, 0x0000000713c00000, 0x0000000713e00000|  0%| F|  |TAMS 0x0000000713c00000, 0x0000000713c00000| Untracked 
| 113|0x0000000713e00000, 0x0000000713e00000, 0x0000000714000000|  0%| F|  |TAMS 0x0000000713e00000, 0x0000000713e00000| Untracked 
| 114|0x0000000714000000, 0x0000000714000000, 0x0000000714200000|  0%| F|  |TAMS 0x0000000714000000, 0x0000000714000000| Untracked 
| 115|0x0000000714200000, 0x0000000714200000, 0x0000000714400000|  0%| F|  |TAMS 0x0000000714200000, 0x0000000714200000| Untracked 
| 116|0x0000000714400000, 0x0000000714600000, 0x0000000714600000|100%| E|  |TAMS 0x0000000714400000, 0x0000000714400000| Complete 
| 117|0x0000000714600000, 0x0000000714800000, 0x0000000714800000|100%| E|CS|TAMS 0x0000000714600000, 0x0000000714600000| Complete 
| 118|0x0000000714800000, 0x0000000714a00000, 0x0000000714a00000|100%| E|CS|TAMS 0x0000000714800000, 0x0000000714800000| Complete 
| 119|0x0000000714a00000, 0x0000000714c00000, 0x0000000714c00000|100%| E|CS|TAMS 0x0000000714a00000, 0x0000000714a00000| Complete 
| 120|0x0000000714c00000, 0x0000000714e00000, 0x0000000714e00000|100%| E|CS|TAMS 0x0000000714c00000, 0x0000000714c00000| Complete 
| 121|0x0000000714e00000, 0x0000000715000000, 0x0000000715000000|100%| E|CS|TAMS 0x0000000714e00000, 0x0000000714e00000| Complete 
| 122|0x0000000715000000, 0x0000000715200000, 0x0000000715200000|100%| E|  |TAMS 0x0000000715000000, 0x0000000715000000| Complete 
| 123|0x0000000715200000, 0x0000000715400000, 0x0000000715400000|100%| E|CS|TAMS 0x0000000715200000, 0x0000000715200000| Complete 
| 124|0x0000000715400000, 0x0000000715600000, 0x0000000715600000|100%| E|CS|TAMS 0x0000000715400000, 0x0000000715400000| Complete 
| 125|0x0000000715600000, 0x0000000715800000, 0x0000000715800000|100%| E|CS|TAMS 0x0000000715600000, 0x0000000715600000| Complete 

Card table byte_map: [0x0000016927c40000,0x0000016928420000] _byte_map_base: 0x0000016924412000

Marking Bits (Prev, Next): (CMBitMap*) 0x000001691012cff0, (CMBitMap*) 0x000001691012d030
 Prev Bits: [0x0000016928c00000, 0x000001692ca90000)
 Next Bits: [0x000001692ca90000, 0x0000016930920000)

Polling page: 0x000001690e020000

Metaspace:

Usage:
  Non-class:      5.15 MB used.
      Class:    655.35 KB used.
       Both:      5.79 MB used.

Virtual space:
  Non-class space:       64.00 MB reserved,       5.19 MB (  8%) committed,  1 nodes.
      Class space:        1.00 GB reserved,     768.00 KB ( <1%) committed,  1 nodes.
             Both:        1.06 GB reserved,       5.94 MB ( <1%) committed. 

Chunk freelists:
   Non-Class:  8.56 MB
       Class:  15.23 MB
        Both:  23.80 MB

MaxMetaspaceSize: unlimited
CompressedClassSpaceSize: 1.00 GB
Initial GC threshold: 21.00 MB
Current GC threshold: 21.00 MB
CDS: on
MetaspaceReclaimPolicy: balanced
 - commit_granule_bytes: 65536.
 - commit_granule_words: 8192.
 - virtual_space_node_default_size: 8388608.
 - enlarge_chunks_in_place: 1.
 - new_chunks_are_fully_committed: 0.
 - uncommit_free_chunks: 1.
 - use_allocation_guard: 0.
 - handle_deallocations: 1.


Internal statistics:

num_allocs_failed_limit: 0.
num_arena_births: 64.
num_arena_deaths: 0.
num_vsnodes_births: 2.
num_vsnodes_deaths: 0.
num_space_committed: 95.
num_space_uncommitted: 0.
num_chunks_returned_to_freelist: 0.
num_chunks_taken_from_freelist: 234.
num_chunk_merges: 0.
num_chunk_splits: 167.
num_chunks_enlarged: 137.
num_inconsistent_stats: 0.

CodeHeap 'non-profiled nmethods': size=119168Kb used=286Kb max_used=286Kb free=118881Kb
 bounds [0x000001691f770000, 0x000001691f9e0000, 0x0000016926bd0000]
CodeHeap 'profiled nmethods': size=119104Kb used=1626Kb max_used=1626Kb free=117477Kb
 bounds [0x0000016917bd0000, 0x0000016917e40000, 0x000001691f020000]
CodeHeap 'non-nmethods': size=7488Kb used=2841Kb max_used=2860Kb free=4646Kb
 bounds [0x000001691f020000, 0x000001691f2f0000, 0x000001691f770000]
 total_blobs=1378 nmethods=935 adapters=352
 compilation: enabled
              stopped_count=0, restarted_count=0
 full_count=0

Compilation events (20 events):
Event: 0.556 Thread 0x0000016933a08ae0  893       3       java.lang.invoke.MethodType::toMethodDescriptorString (28 bytes)
Event: 0.556 Thread 0x0000016979229080  894       3       jdk.internal.org.objectweb.asm.Frame::accept (264 bytes)
Event: 0.556 Thread 0x0000016933949790 nmethod 892 0x0000016917d55810 code [0x0000016917d559a0, 0x0000016917d55ab8]
Event: 0.556 Thread 0x0000016933949790  895       3       jdk.internal.org.objectweb.asm.MethodWriter::endCurrentBasicBlockWithNoSuccessor (94 bytes)
Event: 0.556 Thread 0x0000016933a08ae0 nmethod 893 0x0000016917d55b90 code [0x0000016917d55d40, 0x0000016917d55f28]
Event: 0.556 Thread 0x000001697922d0a0 nmethod 891 0x0000016917d56010 code [0x0000016917d561e0, 0x0000016917d56728]
Event: 0.556 Thread 0x000001697922d0a0  896       3       jdk.internal.org.objectweb.asm.Attribute::computeAttributesSize (62 bytes)
Event: 0.556 Thread 0x0000016933a08ae0  897       3       jdk.internal.org.objectweb.asm.AnnotationWriter::computeAnnotationsSize (66 bytes)
Event: 0.556 Thread 0x0000016933949790 nmethod 895 0x0000016917d56910 code [0x0000016917d56b00, 0x0000016917d571a8]
Event: 0.556 Thread 0x0000016933949790  898       3       jdk.internal.org.objectweb.asm.Attribute::putAttributes (78 bytes)
Event: 0.557 Thread 0x0000016979229080 nmethod 894 0x0000016917d57390 code [0x0000016917d575c0, 0x0000016917d57ef8]
Event: 0.557 Thread 0x000001697922d0a0 nmethod 896 0x0000016917d58290 code [0x0000016917d58460, 0x0000016917d58788]
Event: 0.557 Thread 0x0000016933a08ae0 nmethod 897 0x0000016917d58910 code [0x0000016917d58ae0, 0x0000016917d58e18]
Event: 0.557 Thread 0x0000016933949790 nmethod 898 0x0000016917d59010 code [0x0000016917d59260, 0x0000016917d59798]
Event: 0.557 Thread 0x0000016933949790  900       3       jdk.internal.org.objectweb.asm.MethodWriter::visitFieldInsn (258 bytes)
Event: 0.557 Thread 0x000001697922d0a0  901       3       jdk.internal.org.objectweb.asm.SymbolTable::addConstantFieldref (10 bytes)
Event: 0.558 Thread 0x000001697922d0a0 nmethod 901 0x0000016917d59a90 code [0x0000016917d59c20, 0x0000016917d59d68]
Event: 0.558 Thread 0x000001697922d0a0  902       3       jdk.internal.org.objectweb.asm.ByteVector::enlarge (51 bytes)
Event: 0.558 Thread 0x000001697922d0a0 nmethod 902 0x0000016917d59e10 code [0x0000016917d59fc0, 0x0000016917d5a2e8]
Event: 0.558 Thread 0x0000016933949790 nmethod 900 0x0000016917d5a410 code [0x0000016917d5a680, 0x0000016917d5b208]

GC Heap History (0 events):
No events

Dll operation events (6 events):
Event: 0.010 Loaded shared library D:\Unity\6000.0.47f1\Editor\Data\PlaybackEngines\AndroidPlayer\OpenJDK\bin\java.dll
Event: 0.033 Loaded shared library D:\Unity\6000.0.47f1\Editor\Data\PlaybackEngines\AndroidPlayer\OpenJDK\bin\jsvml.dll
Event: 0.065 Loaded shared library D:\Unity\6000.0.47f1\Editor\Data\PlaybackEngines\AndroidPlayer\OpenJDK\bin\net.dll
Event: 0.068 Loaded shared library D:\Unity\6000.0.47f1\Editor\Data\PlaybackEngines\AndroidPlayer\OpenJDK\bin\nio.dll
Event: 0.077 Loaded shared library D:\Unity\6000.0.47f1\Editor\Data\PlaybackEngines\AndroidPlayer\OpenJDK\bin\zip.dll
Event: 0.399 Loaded shared library D:\Unity\6000.0.47f1\Editor\Data\PlaybackEngines\AndroidPlayer\OpenJDK\bin\jimage.dll

Deoptimization events (20 events):
Event: 0.095 Thread 0x00000169100bde00 DEOPT PACKING pc=0x0000016917bf3b8c sp=0x0000001d55dfa500
Event: 0.095 Thread 0x00000169100bde00 DEOPT UNPACKING pc=0x000001691f077143 sp=0x0000001d55df9990 mode 0
Event: 0.095 Thread 0x00000169100bde00 DEOPT PACKING pc=0x0000016917bf3b8c sp=0x0000001d55dfa500
Event: 0.095 Thread 0x00000169100bde00 DEOPT UNPACKING pc=0x000001691f077143 sp=0x0000001d55df9990 mode 0
Event: 0.095 Thread 0x00000169100bde00 DEOPT PACKING pc=0x0000016917bf3b8c sp=0x0000001d55dfa500
Event: 0.095 Thread 0x00000169100bde00 DEOPT UNPACKING pc=0x000001691f077143 sp=0x0000001d55df9990 mode 0
Event: 0.147 Thread 0x00000169100bde00 DEOPT PACKING pc=0x0000016917bed9e7 sp=0x0000001d55dfcf40
Event: 0.147 Thread 0x00000169100bde00 DEOPT UNPACKING pc=0x000001691f077143 sp=0x0000001d55dfc360 mode 0
Event: 0.190 Thread 0x00000169100bde00 DEOPT PACKING pc=0x0000016917bec951 sp=0x0000001d55dfae40
Event: 0.190 Thread 0x00000169100bde00 DEOPT UNPACKING pc=0x000001691f077143 sp=0x0000001d55dfa2b8 mode 0
Event: 0.247 Thread 0x00000169100bde00 Uncommon trap: trap_request=0xffffff45 fr.pc=0x000001691f790414 relative=0x0000000000000174
Event: 0.247 Thread 0x00000169100bde00 Uncommon trap: reason=unstable_if action=reinterpret pc=0x000001691f790414 method=java.util.zip.ZipFile$Source.isMetaName([BII)Z @ 43 c2
Event: 0.247 Thread 0x00000169100bde00 DEOPT PACKING pc=0x000001691f790414 sp=0x0000001d55dfd040
Event: 0.247 Thread 0x00000169100bde00 DEOPT UNPACKING pc=0x000001691f0769a3 sp=0x0000001d55dfcfe8 mode 2
Event: 0.249 Thread 0x00000169100bde00 DEOPT PACKING pc=0x0000016917c3f294 sp=0x0000001d55dfd730
Event: 0.249 Thread 0x00000169100bde00 DEOPT UNPACKING pc=0x000001691f077143 sp=0x0000001d55dfcbf0 mode 1
Event: 0.472 Thread 0x00000169100bde00 Uncommon trap: trap_request=0xffffff45 fr.pc=0x000001691f777b64 relative=0x0000000000000064
Event: 0.472 Thread 0x00000169100bde00 Uncommon trap: reason=unstable_if action=reinterpret pc=0x000001691f777b64 method=java.io.WinNTFileSystem.isSlash(C)Z @ 9 c2
Event: 0.472 Thread 0x00000169100bde00 DEOPT PACKING pc=0x000001691f777b64 sp=0x0000001d55dfe2b0
Event: 0.472 Thread 0x00000169100bde00 DEOPT UNPACKING pc=0x000001691f0769a3 sp=0x0000001d55dfe238 mode 2

Classes unloaded (0 events):
No events

Classes redefined (0 events):
No events

Internal exceptions (20 events):
Event: 0.447 Thread 0x00000169100bde00 Exception <a 'sun/nio/fs/WindowsException'{0x00000007148a8350}> (0x00000007148a8350) 
thrown [s\src\hotspot\share\prims\jni.cpp, line 516]
Event: 0.447 Thread 0x00000169100bde00 Exception <a 'sun/nio/fs/WindowsException'{0x00000007148a9250}> (0x00000007148a9250) 
thrown [s\src\hotspot\share\prims\jni.cpp, line 516]
Event: 0.447 Thread 0x00000169100bde00 Exception <a 'sun/nio/fs/WindowsException'{0x00000007148a95b0}> (0x00000007148a95b0) 
thrown [s\src\hotspot\share\prims\jni.cpp, line 516]
Event: 0.448 Thread 0x00000169100bde00 Exception <a 'sun/nio/fs/WindowsException'{0x00000007148accc8}> (0x00000007148accc8) 
thrown [s\src\hotspot\share\prims\jni.cpp, line 516]
Event: 0.448 Thread 0x00000169100bde00 Exception <a 'sun/nio/fs/WindowsException'{0x00000007148ad010}> (0x00000007148ad010) 
thrown [s\src\hotspot\share\prims\jni.cpp, line 516]
Event: 0.448 Thread 0x00000169100bde00 Exception <a 'sun/nio/fs/WindowsException'{0x00000007148adf18}> (0x00000007148adf18) 
thrown [s\src\hotspot\share\prims\jni.cpp, line 516]
Event: 0.448 Thread 0x00000169100bde00 Exception <a 'sun/nio/fs/WindowsException'{0x00000007148ae278}> (0x00000007148ae278) 
thrown [s\src\hotspot\share\prims\jni.cpp, line 516]
Event: 0.450 Thread 0x00000169100bde00 Exception <a 'sun/nio/fs/WindowsException'{0x00000007148b2b68}> (0x00000007148b2b68) 
thrown [s\src\hotspot\share\prims\jni.cpp, line 516]
Event: 0.450 Thread 0x00000169100bde00 Exception <a 'sun/nio/fs/WindowsException'{0x00000007148b2ec8}> (0x00000007148b2ec8) 
thrown [s\src\hotspot\share\prims\jni.cpp, line 516]
Event: 0.450 Thread 0x00000169100bde00 Exception <a 'sun/nio/fs/WindowsException'{0x00000007148b3de8}> (0x00000007148b3de8) 
thrown [s\src\hotspot\share\prims\jni.cpp, line 516]
Event: 0.450 Thread 0x00000169100bde00 Exception <a 'sun/nio/fs/WindowsException'{0x00000007148b4168}> (0x00000007148b4168) 
thrown [s\src\hotspot\share\prims\jni.cpp, line 516]
Event: 0.450 Thread 0x00000169100bde00 Exception <a 'sun/nio/fs/WindowsException'{0x00000007148b6648}> (0x00000007148b6648) 
thrown [s\src\hotspot\share\prims\jni.cpp, line 516]
Event: 0.450 Thread 0x00000169100bde00 Exception <a 'sun/nio/fs/WindowsException'{0x00000007148b69e8}> (0x00000007148b69e8) 
thrown [s\src\hotspot\share\prims\jni.cpp, line 516]
Event: 0.451 Thread 0x00000169100bde00 Exception <a 'sun/nio/fs/WindowsException'{0x00000007148b7948}> (0x00000007148b7948) 
thrown [s\src\hotspot\share\prims\jni.cpp, line 516]
Event: 0.451 Thread 0x00000169100bde00 Exception <a 'sun/nio/fs/WindowsException'{0x00000007148b7d08}> (0x00000007148b7d08) 
thrown [s\src\hotspot\share\prims\jni.cpp, line 516]
Event: 0.451 Thread 0x00000169100bde00 Exception <a 'sun/nio/fs/WindowsException'{0x00000007148ba3f0}> (0x00000007148ba3f0) 
thrown [s\src\hotspot\share\prims\jni.cpp, line 516]
Event: 0.451 Thread 0x00000169100bde00 Exception <a 'sun/nio/fs/WindowsException'{0x00000007148ba810}> (0x00000007148ba810) 
thrown [s\src\hotspot\share\prims\jni.cpp, line 516]
Event: 0.451 Thread 0x00000169100bde00 Exception <a 'sun/nio/fs/WindowsException'{0x00000007148bb7f8}> (0x00000007148bb7f8) 
thrown [s\src\hotspot\share\prims\jni.cpp, line 516]
Event: 0.451 Thread 0x00000169100bde00 Exception <a 'sun/nio/fs/WindowsException'{0x00000007148bbc40}> (0x00000007148bbc40) 
thrown [s\src\hotspot\share\prims\jni.cpp, line 516]
Event: 0.512 Thread 0x00000169100bde00 Exception <a 'java/lang/NullPointerException'{0x00000007147629e0}> (0x00000007147629e0) 
thrown [s\src\hotspot\share\interpreter\linkResolver.cpp, line 1433]

VM Operations (12 events):
Event: 0.070 Executing VM operation: HandshakeAllThreads
Event: 0.070 Executing VM operation: HandshakeAllThreads done
Event: 0.197 Executing VM operation: HandshakeAllThreads
Event: 0.197 Executing VM operation: HandshakeAllThreads done
Event: 0.248 Executing VM operation: HandshakeAllThreads
Event: 0.248 Executing VM operation: HandshakeAllThreads done
Event: 0.472 Executing VM operation: HandshakeAllThreads
Event: 0.472 Executing VM operation: HandshakeAllThreads done
Event: 0.479 Executing VM operation: HandshakeAllThreads
Event: 0.479 Executing VM operation: HandshakeAllThreads done
Event: 0.527 Executing VM operation: HandshakeAllThreads
Event: 0.527 Executing VM operation: HandshakeAllThreads done

Events (20 events):
Event: 0.528 loading class java/awt/datatransfer/Transferable
Event: 0.528 loading class java/awt/datatransfer/Transferable done
Event: 0.529 loading class java/io/UnsupportedEncodingException
Event: 0.529 loading class java/io/UnsupportedEncodingException done
Event: 0.530 loading class javax/xml/transform/Result
Event: 0.530 loading class javax/xml/transform/Result done
Event: 0.530 loading class javax/xml/datatype/XMLGregorianCalendar
Event: 0.530 loading class javax/xml/datatype/XMLGregorianCalendar done
Event: 0.534 loading class javax/xml/namespace/NamespaceContext
Event: 0.534 loading class javax/xml/namespace/NamespaceContext done
Event: 0.534 loading class javax/xml/datatype/Duration
Event: 0.534 loading class javax/xml/datatype/Duration done
Event: 0.535 loading class java/util/UUID
Event: 0.535 loading class java/util/UUID done
Event: 0.537 loading class java/util/Collections$UnmodifiableMap$UnmodifiableEntrySet
Event: 0.537 loading class java/util/Collections$UnmodifiableMap$UnmodifiableEntrySet done
Event: 0.537 loading class java/util/Collections$UnmodifiableMap$UnmodifiableEntrySet$1
Event: 0.537 loading class java/util/Collections$UnmodifiableMap$UnmodifiableEntrySet$1 done
Event: 0.537 loading class java/util/Collections$UnmodifiableMap$UnmodifiableEntrySet$UnmodifiableEntry
Event: 0.537 loading class java/util/Collections$UnmodifiableMap$UnmodifiableEntrySet$UnmodifiableEntry done


Dynamic libraries:
0x00007ff6b5b70000 - 0x00007ff6b5b7e000 	D:\Unity\6000.0.47f1\Editor\Data\PlaybackEngines\AndroidPlayer\OpenJDK\bin\java.exe
0x00007ffdcbe90000 - 0x00007ffdcc0a7000 	C:\Windows\SYSTEM32\ntdll.dll
0x00007ffdcae50000 - 0x00007ffdcaf14000 	C:\Windows\System32\KERNEL32.DLL
0x00007ffdc92e0000 - 0x00007ffdc96b2000 	C:\Windows\System32\KERNELBASE.dll
0x00007ffdc8fb0000 - 0x00007ffdc90c1000 	C:\Windows\System32\ucrtbase.dll
0x00007ffd5caf0000 - 0x00007ffd5cb07000 	D:\Unity\6000.0.47f1\Editor\Data\PlaybackEngines\AndroidPlayer\OpenJDK\bin\jli.dll
0x00007ffdcbc10000 - 0x00007ffdcbdc1000 	C:\Windows\System32\USER32.dll
0x00007ffdc92b0000 - 0x00007ffdc92d6000 	C:\Windows\System32\win32u.dll
0x00007ffdcb0e0000 - 0x00007ffdcb109000 	C:\Windows\System32\GDI32.dll
0x00007ffdc98b0000 - 0x00007ffdc99d3000 	C:\Windows\System32\gdi32full.dll
0x00007ffdc9210000 - 0x00007ffdc92aa000 	C:\Windows\System32\msvcp_win.dll
0x00007ffd5cad0000 - 0x00007ffd5caeb000 	D:\Unity\6000.0.47f1\Editor\Data\PlaybackEngines\AndroidPlayer\OpenJDK\bin\VCRUNTIME140.dll
0x00007ffdbf980000 - 0x00007ffdbfc1b000 	C:\Windows\WinSxS\amd64_microsoft.windows.common-controls_6595b64144ccf1df_6.0.22621.5415_none_270d77d17387d7da\COMCTL32.dll
0x00007ffdcafc0000 - 0x00007ffdcb067000 	C:\Windows\System32\msvcrt.dll
0x00007ffdcb940000 - 0x00007ffdcb971000 	C:\Windows\System32\IMM32.DLL
0x00007ffd74900000 - 0x00007ffd7490c000 	D:\Unity\6000.0.47f1\Editor\Data\PlaybackEngines\AndroidPlayer\OpenJDK\bin\vcruntime140_1.dll
0x00007ffd5ca40000 - 0x00007ffd5cacd000 	D:\Unity\6000.0.47f1\Editor\Data\PlaybackEngines\AndroidPlayer\OpenJDK\bin\msvcp140.dll
0x00007ffce3ee0000 - 0x00007ffce4b41000 	D:\Unity\6000.0.47f1\Editor\Data\PlaybackEngines\AndroidPlayer\OpenJDK\bin\server\jvm.dll
0x00007ffdcbb40000 - 0x00007ffdcbbf1000 	C:\Windows\System32\ADVAPI32.dll
0x00007ffdcb890000 - 0x00007ffdcb938000 	C:\Windows\System32\sechost.dll
0x00007ffdc8f80000 - 0x00007ffdc8fa8000 	C:\Windows\System32\bcrypt.dll
0x00007ffdcad30000 - 0x00007ffdcae44000 	C:\Windows\System32\RPCRT4.dll
0x00007ffdc7e00000 - 0x00007ffdc7e4d000 	C:\Windows\SYSTEM32\POWRPROF.dll
0x00007ffdbfcd0000 - 0x00007ffdbfcd9000 	C:\Windows\SYSTEM32\WSOCK32.dll
0x00007ffdcbdd0000 - 0x00007ffdcbe41000 	C:\Windows\System32\WS2_32.dll
0x00007ffdc34b0000 - 0x00007ffdc34e4000 	C:\Windows\SYSTEM32\WINMM.dll
0x00007ffdc0bb0000 - 0x00007ffdc0bba000 	C:\Windows\SYSTEM32\VERSION.dll
0x00007ffdc7de0000 - 0x00007ffdc7df3000 	C:\Windows\SYSTEM32\UMPDC.dll
0x00007ffdc8000000 - 0x00007ffdc8018000 	C:\Windows\SYSTEM32\kernel.appcore.dll
0x00007ffd5ca30000 - 0x00007ffd5ca3a000 	D:\Unity\6000.0.47f1\Editor\Data\PlaybackEngines\AndroidPlayer\OpenJDK\bin\jimage.dll
0x00007ffdc6360000 - 0x00007ffdc6593000 	C:\Windows\SYSTEM32\DBGHELP.DLL
0x00007ffdcb220000 - 0x00007ffdcb5b3000 	C:\Windows\System32\combase.dll
0x00007ffdc9d60000 - 0x00007ffdc9e37000 	C:\Windows\System32\OLEAUT32.dll
0x00007ffdbd1f0000 - 0x00007ffdbd222000 	C:\Windows\SYSTEM32\dbgcore.DLL
0x00007ffdc9190000 - 0x00007ffdc920b000 	C:\Windows\System32\bcryptPrimitives.dll
0x00007ffd5ca00000 - 0x00007ffd5ca25000 	D:\Unity\6000.0.47f1\Editor\Data\PlaybackEngines\AndroidPlayer\OpenJDK\bin\java.dll
0x00007ffd5c920000 - 0x00007ffd5c9f7000 	D:\Unity\6000.0.47f1\Editor\Data\PlaybackEngines\AndroidPlayer\OpenJDK\bin\jsvml.dll
0x00007ffdc9ed0000 - 0x00007ffdca772000 	C:\Windows\System32\SHELL32.dll
0x00007ffdc99e0000 - 0x00007ffdc9b1f000 	C:\Windows\System32\wintypes.dll
0x00007ffdc6e80000 - 0x00007ffdc779e000 	C:\Windows\SYSTEM32\windows.storage.dll
0x00007ffdcac20000 - 0x00007ffdcad2b000 	C:\Windows\System32\SHCORE.dll
0x00007ffdcb070000 - 0x00007ffdcb0d9000 	C:\Windows\System32\shlwapi.dll
0x00007ffdc8eb0000 - 0x00007ffdc8edb000 	C:\Windows\SYSTEM32\profapi.dll
0x00007ffd5c900000 - 0x00007ffd5c919000 	D:\Unity\6000.0.47f1\Editor\Data\PlaybackEngines\AndroidPlayer\OpenJDK\bin\net.dll
0x00007ffdc4d30000 - 0x00007ffdc4e5c000 	C:\Windows\SYSTEM32\WINHTTP.dll
0x00007ffdc8520000 - 0x00007ffdc8589000 	C:\Windows\system32\mswsock.dll
0x00007ffd5c8e0000 - 0x00007ffd5c8f6000 	D:\Unity\6000.0.47f1\Editor\Data\PlaybackEngines\AndroidPlayer\OpenJDK\bin\nio.dll
0x00007ffd5c8c0000 - 0x00007ffd5c8d8000 	D:\Unity\6000.0.47f1\Editor\Data\PlaybackEngines\AndroidPlayer\OpenJDK\bin\zip.dll

dbghelp: loaded successfully - version: 4.0.5 - missing functions: none
symbol engine: initialized successfully - sym options: 0x614 - pdb path: .;D:\Unity\6000.0.47f1\Editor\Data\PlaybackEngines\AndroidPlayer\OpenJDK\bin;C:\Windows\SYSTEM32;C:\Windows\WinSxS\amd64_microsoft.windows.common-controls_6595b64144ccf1df_6.0.22621.5415_none_270d77d17387d7da;D:\Unity\6000.0.47f1\Editor\Data\PlaybackEngines\AndroidPlayer\OpenJDK\bin\server

VM Arguments:
jvm_args: -Dcom.android.sdkmanager.toolsdir=D:\Unity\6000.0.47f1\Editor\Data\PlaybackEngines\AndroidPlayer\SDK\cmdline-tools\16.0\bin\\.. 
java_command: com.android.sdklib.tool.AvdManagerCli list target -c
java_class_path (initial): D:\Unity\6000.0.47f1\Editor\Data\PlaybackEngines\AndroidPlayer\SDK\cmdline-tools\16.0\bin\..\lib\avdmanager-classpath.jar
Launcher Type: SUN_STANDARD

[Global flags]
     intx CICompilerCount                          = 12                                        {product} {ergonomic}
     uint ConcGCThreads                            = 3                                         {product} {ergonomic}
     uint G1ConcRefinementThreads                  = 13                                        {product} {ergonomic}
   size_t G1HeapRegionSize                         = 2097152                                   {product} {ergonomic}
    uintx GCDrainStackTargetSize                   = 64                                        {product} {ergonomic}
   size_t InitialHeapSize                          = 264241152                                 {product} {ergonomic}
   size_t MarkStackSize                            = 4194304                                   {product} {ergonomic}
   size_t MaxHeapSize                              = 4198498304                                {product} {ergonomic}
   size_t MaxNewSize                               = 2518679552                                {product} {ergonomic}
   size_t MinHeapDeltaBytes                        = 2097152                                   {product} {ergonomic}
   size_t MinHeapSize                              = 8388608                                   {product} {ergonomic}
    uintx NonNMethodCodeHeapSize                   = 7602480                                {pd product} {ergonomic}
    uintx NonProfiledCodeHeapSize                  = 122027880                              {pd product} {ergonomic}
    uintx ProfiledCodeHeapSize                     = 122027880                              {pd product} {ergonomic}
    uintx ReservedCodeCacheSize                    = 251658240                              {pd product} {ergonomic}
     bool SegmentedCodeCache                       = true                                      {product} {ergonomic}
   size_t SoftMaxHeapSize                          = 4198498304                             {manageable} {ergonomic}
     bool UseCompressedClassPointers               = true                           {product lp64_product} {ergonomic}
     bool UseCompressedOops                        = true                           {product lp64_product} {ergonomic}
     bool UseG1GC                                  = true                                      {product} {ergonomic}
     bool UseLargePagesIndividualAllocation        = false                                  {pd product} {ergonomic}

Logging:
Log output configuration:
 #0: stdout all=warning uptime,level,tags
 #1: stderr all=off uptime,level,tags

Environment Variables:
JAVA_HOME=D:\Unity\6000.0.47f1\Editor\Data\PlaybackEngines\AndroidPlayer\OpenJDK
CLASSPATH=D:\Unity\6000.0.47f1\Editor\Data\PlaybackEngines\AndroidPlayer\SDK\cmdline-tools\16.0\bin\..\lib\avdmanager-classpath.jar
PATH=C:\Program Files\Common Files\Oracle\Java\javapath;C:\Windows\system32;C:\Windows;C:\Windows\System32\Wbem;C:\Windows\System32\WindowsPowerShell\v1.0\;C:\Windows\System32\OpenSSH\;C:\Program Files (x86)\NVIDIA Corporation\PhysX\Common;C:\Program Files\NVIDIA Corporation\NVIDIA NvDLISR;C:\Program Files\Microsoft SQL Server\150\Tools\Binn\;D:\GIT\Git\cmd;D:\nodejs\;C:\Program Files\dotnet\;D:\Gradle\gradle-8.12.1-bin\gradle-8.12.1\bin;C:\Program Files (x86)\Microsoft SQL Server\160\Tools\Binn\;C:\Program Files\Microsoft SQL Server\160\Tools\Binn\;C:\Program Files\Microsoft SQL Server\Client SDK\ODBC\170\Tools\Binn\;C:\Program Files\Microsoft SQL Server\160\DTS\Binn\;C:\Program Files (x86)\Microsoft SQL Server\160\DTS\Binn\;D:\xampp\php;C:\Program Files\Java\jdk-22\bin;C:\Users\Thien Van\AppData\Local\Programs\Python\Python313\Scripts\;C:\Users\Thien Van\AppData\Local\Programs\Python\Python313\;C:\Windows\system32;C:\Windows;C:\Windows\System32\Wbem;C:\Windows\System32\WindowsPowerShell\v1.0\;C:\Windows\System32\OpenSSH\;C:\Program Files (x86)\NVIDIA Corporation\PhysX\Common;C:\Program Files\NVIDIA Corporation\NVIDIA NvDLISR;C:\Program Files\Microsoft SQL Server\150\Tools\Binn\;C:\Program Files\dotnet\;C:\Users\Thien Van\AppData\Local\Microsoft\WindowsApps;C:\Users\Thien Van\.dotnet\tools;C:\ProgramData\chocolatey\bin;C:\Users\Thien Van\AppData\Local\Programs\Microsoft VS Code\bin;C:\mingw64\bin;C:\ProgramData\Thien Van\GitHubDesktop\bin;C:\Users\Thien Van\AppData\Local\GitHubDesktop\bin;C:\Users\Thien Van\AppData\Roaming\npm;C:\Users\Thien Van\.dotnet\tools;D:\xampp\php;
USERNAME=Thien Van
OS=Windows_NT
PROCESSOR_IDENTIFIER=Intel64 Family 6 Model 186 Stepping 2, GenuineIntel
TMP=C:\Users\THIENV~1\AppData\Local\Temp
TEMP=C:\Users\THIENV~1\AppData\Local\Temp



Periodic native trim disabled


---------------  S Y S T E M  ---------------

OS:
 Windows 11 , 64 bit Build 22621 (10.0.22621.5415)
OS uptime: 7 days 5:32 hours
Hyper-V role detected

CPU: total 16 (initial active 16) (8 cores per cpu, 2 threads per core) family 6 model 186 stepping 2 microcode 0x4122, cx8, cmov, fxsr, ht, mmx, 3dnowpref, sse, sse2, sse3, ssse3, sse4.1, sse4.2, popcnt, lzcnt, tsc, tscinvbit, avx, avx2, aes, erms, clmul, bmi1, bmi2, adx, sha, fma, vzeroupper, clflush, clflushopt, clwb, hv
Processor Information for processor 0
  Max Mhz: 2400, Current Mhz: 2400, Mhz Limit: 2400
Processor Information for processor 1
  Max Mhz: 2400, Current Mhz: 2400, Mhz Limit: 2400
Processor Information for processor 2
  Max Mhz: 2400, Current Mhz: 1520, Mhz Limit: 2400
Processor Information for processor 3
  Max Mhz: 2400, Current Mhz: 2400, Mhz Limit: 2400
Processor Information for processor 4
  Max Mhz: 2400, Current Mhz: 2400, Mhz Limit: 2400
Processor Information for processor 5
  Max Mhz: 2400, Current Mhz: 2400, Mhz Limit: 2400
Processor Information for processor 6
  Max Mhz: 2400, Current Mhz: 2400, Mhz Limit: 2400
Processor Information for processor 7
  Max Mhz: 2400, Current Mhz: 2400, Mhz Limit: 2400
Processor Information for processor 8
  Max Mhz: 2400, Current Mhz: 2400, Mhz Limit: 2400
Processor Information for processor 9
  Max Mhz: 2400, Current Mhz: 2400, Mhz Limit: 2400
Processor Information for processor 10
  Max Mhz: 2400, Current Mhz: 2400, Mhz Limit: 2400
Processor Information for processor 11
  Max Mhz: 2400, Current Mhz: 2400, Mhz Limit: 2400
Processor Information for processor 12
  Max Mhz: 2400, Current Mhz: 2400, Mhz Limit: 2400
Processor Information for processor 13
  Max Mhz: 2400, Current Mhz: 2400, Mhz Limit: 2400
Processor Information for processor 14
  Max Mhz: 2400, Current Mhz: 2400, Mhz Limit: 2400
Processor Information for processor 15
  Max Mhz: 2400, Current Mhz: 2400, Mhz Limit: 2400

Memory: 4k page, system-wide physical 16010M (564M free)
TotalPageFile size 42690M (AvailPageFile size 1M)
current process WorkingSet (physical memory assigned to process): 73M, peak: 73M
current process commit charge ("private bytes"): 367M, peak: 368M

vm_info: OpenJDK 64-Bit Server VM (17.0.9+9) for windows-amd64 JRE (17.0.9+9), built on Oct 26 2023 14:01:42 by "admin" with MS VC++ 16.10 / 16.11 (VS2019)

END.
