#
# There is insufficient memory for the Java Runtime Environment to continue.
# Native memory allocation (mmap) failed to map 264241152 bytes for G1 virtual space
# Possible reasons:
#   The system is out of physical RAM or swap space
#   The process is running with CompressedOops enabled, and the Java Heap may be blocking the growth of the native heap
# Possible solutions:
#   Reduce memory load on the system
#   Increase physical memory or swap space
#   Check if swap backing store is full
#   Decrease Java heap size (-Xmx/-Xms)
#   Decrease number of Java threads
#   Decrease Java thread stack sizes (-Xss)
#   Set larger code cache with -XX:ReservedCodeCacheSize=
#   JVM is running with Zero Based Compressed Oops mode in which the Java heap is
#     placed in the first 32GB address space. The Java Heap base address is the
#     maximum limit for the native heap growth. Please use -XX:HeapBaseMinAddress
#     to set the Java Heap base and to place the Java Heap above 32GB virtual address.
# This output file may be truncated or incomplete.
#
#  Out of Memory Error (os_windows.cpp:3613), pid=6324, tid=17320
#
# JRE version:  (17.0.9+9) (build )
# Java VM: OpenJDK 64-Bit Server VM (17.0.9+9, mixed mode, sharing, tiered, compressed oops, compressed class ptrs, g1 gc, windows-amd64)
# No core dump will be written. Minidumps are not enabled by default on client versions of Windows
#

---------------  S U M M A R Y ------------

Command Line: 

Host: 13th Gen Intel(R) Core(TM) i7-13620H, 16 cores, 15G,  Windows 11 , 64 bit Build 22621 (10.0.22621.5415)
Time: Sat Jun 21 21:18:02 2025 SE Asia Standard Time elapsed time: 0.010783 seconds (0d 0h 0m 0s)

---------------  T H R E A D  ---------------

Current thread (0x000002aa3c8102e0):  JavaThread "Unknown thread" [_thread_in_vm, id=17320, stack(0x000000d877100000,0x000000d877200000)]

Stack: [0x000000d877100000,0x000000d877200000]
Native frames: (J=compiled Java code, j=interpreted, Vv=VM code, C=native code)
V  [jvm.dll+0x67cf49]
V  [jvm.dll+0x83478a]
V  [jvm.dll+0x83624e]
V  [jvm.dll+0x8368b3]
V  [jvm.dll+0x247f1f]
V  [jvm.dll+0x679d69]
V  [jvm.dll+0x66e6ba]
V  [jvm.dll+0x307e5b]
V  [jvm.dll+0x30f306]
V  [jvm.dll+0x35f0ce]
V  [jvm.dll+0x35f2ff]
V  [jvm.dll+0x2dea58]
V  [jvm.dll+0x2df9c4]
V  [jvm.dll+0x806031]
V  [jvm.dll+0x36cf31]
V  [jvm.dll+0x7e4aac]
V  [jvm.dll+0x3f07af]
V  [jvm.dll+0x3f23e1]
C  [jli.dll+0x528f]
C  [ucrtbase.dll+0x29333]
C  [KERNEL32.DLL+0x1259d]
C  [ntdll.dll+0x5af78]


---------------  P R O C E S S  ---------------

Threads class SMR info:
_java_thread_list=0x00007ffce4a0ee98, length=0, elements={
}

Java Threads: ( => current thread )

Other Threads:
  0x000002aa3c87bba0 GCTaskThread "GC Thread#0" [stack: 0x000000d877200000,0x000000d877300000] [id=17796]
  0x000002aa3c88c440 ConcurrentGCThread "G1 Main Marker" [stack: 0x000000d877300000,0x000000d877400000] [id=17872]
  0x000002aa3c88cd70 ConcurrentGCThread "G1 Conc#0" [stack: 0x000000d877400000,0x000000d877500000] [id=3524]

[error occurred during error reporting (printing all threads), id 0xc0000005, EXCEPTION_ACCESS_VIOLATION (0xc0000005) at pc=0x00007ffce41cf497]

VM state: not at safepoint (not fully initialized)

VM Mutex/Monitor currently owned by a thread:  ([mutex/lock_event])
[0x000002aa3c80bd80] Heap_lock - owner thread: 0x000002aa3c8102e0

Heap address: 0x0000000705c00000, size: 4004 MB, Compressed Oops mode: Zero based, Oop shift amount: 3

CDS archive(s) mapped at: [0x0000000000000000-0x0000000000000000-0x0000000000000000), size 0, SharedBaseAddress: 0x0000000800000000, ArchiveRelocationMode: 1.
Narrow klass base: 0x0000000000000000, Narrow klass shift: 0, Narrow klass range: 0x0

GC Precious Log:
<Empty>

Heap:
 garbage-first heap   total 0K, used 0K [0x0000000705c00000, 0x0000000800000000)
  region size 2048K, 0 young (0K), 0 survivors (0K)

[error occurred during error reporting (printing heap information), id 0xc0000005, EXCEPTION_ACCESS_VIOLATION (0xc0000005) at pc=0x00007ffce45b6c79]

GC Heap History (0 events):
No events

Dll operation events (1 events):
Event: 0.007 Loaded shared library D:\Unity\6000.0.47f1\Editor\Data\PlaybackEngines\AndroidPlayer\OpenJDK\bin\java.dll

Deoptimization events (0 events):
No events

Classes unloaded (0 events):
No events

Classes redefined (0 events):
No events

Internal exceptions (0 events):
No events

VM Operations (0 events):
No events

Events (0 events):
No events


Dynamic libraries:
0x00007ff6b5b70000 - 0x00007ff6b5b7e000 	D:\Unity\6000.0.47f1\Editor\Data\PlaybackEngines\AndroidPlayer\OpenJDK\bin\java.exe
0x00007ffdcbe90000 - 0x00007ffdcc0a7000 	C:\Windows\SYSTEM32\ntdll.dll
0x00007ffdcae50000 - 0x00007ffdcaf14000 	C:\Windows\System32\KERNEL32.DLL
0x00007ffdc92e0000 - 0x00007ffdc96b2000 	C:\Windows\System32\KERNELBASE.dll
0x00007ffdc8fb0000 - 0x00007ffdc90c1000 	C:\Windows\System32\ucrtbase.dll
0x00007ffd5cad0000 - 0x00007ffd5caeb000 	D:\Unity\6000.0.47f1\Editor\Data\PlaybackEngines\AndroidPlayer\OpenJDK\bin\VCRUNTIME140.dll
0x00007ffd5caf0000 - 0x00007ffd5cb07000 	D:\Unity\6000.0.47f1\Editor\Data\PlaybackEngines\AndroidPlayer\OpenJDK\bin\jli.dll
0x00007ffdcbc10000 - 0x00007ffdcbdc1000 	C:\Windows\System32\USER32.dll
0x00007ffdc92b0000 - 0x00007ffdc92d6000 	C:\Windows\System32\win32u.dll
0x00007ffdbf980000 - 0x00007ffdbfc1b000 	C:\Windows\WinSxS\amd64_microsoft.windows.common-controls_6595b64144ccf1df_6.0.22621.5415_none_270d77d17387d7da\COMCTL32.dll
0x00007ffdcb0e0000 - 0x00007ffdcb109000 	C:\Windows\System32\GDI32.dll
0x00007ffdc98b0000 - 0x00007ffdc99d3000 	C:\Windows\System32\gdi32full.dll
0x00007ffdcafc0000 - 0x00007ffdcb067000 	C:\Windows\System32\msvcrt.dll
0x00007ffdc9210000 - 0x00007ffdc92aa000 	C:\Windows\System32\msvcp_win.dll
0x00007ffdcb940000 - 0x00007ffdcb971000 	C:\Windows\System32\IMM32.DLL
0x00007ffd74900000 - 0x00007ffd7490c000 	D:\Unity\6000.0.47f1\Editor\Data\PlaybackEngines\AndroidPlayer\OpenJDK\bin\vcruntime140_1.dll
0x00007ffd5ca40000 - 0x00007ffd5cacd000 	D:\Unity\6000.0.47f1\Editor\Data\PlaybackEngines\AndroidPlayer\OpenJDK\bin\msvcp140.dll
0x00007ffce3ee0000 - 0x00007ffce4b41000 	D:\Unity\6000.0.47f1\Editor\Data\PlaybackEngines\AndroidPlayer\OpenJDK\bin\server\jvm.dll
0x00007ffdcbb40000 - 0x00007ffdcbbf1000 	C:\Windows\System32\ADVAPI32.dll
0x00007ffdcb890000 - 0x00007ffdcb938000 	C:\Windows\System32\sechost.dll
0x00007ffdc8f80000 - 0x00007ffdc8fa8000 	C:\Windows\System32\bcrypt.dll
0x00007ffdcad30000 - 0x00007ffdcae44000 	C:\Windows\System32\RPCRT4.dll
0x00007ffdbfcd0000 - 0x00007ffdbfcd9000 	C:\Windows\SYSTEM32\WSOCK32.dll
0x00007ffdc7e00000 - 0x00007ffdc7e4d000 	C:\Windows\SYSTEM32\POWRPROF.dll
0x00007ffdc34b0000 - 0x00007ffdc34e4000 	C:\Windows\SYSTEM32\WINMM.dll
0x00007ffdc0bb0000 - 0x00007ffdc0bba000 	C:\Windows\SYSTEM32\VERSION.dll
0x00007ffdcbdd0000 - 0x00007ffdcbe41000 	C:\Windows\System32\WS2_32.dll
0x00007ffdc7de0000 - 0x00007ffdc7df3000 	C:\Windows\SYSTEM32\UMPDC.dll
0x00007ffdc8000000 - 0x00007ffdc8018000 	C:\Windows\SYSTEM32\kernel.appcore.dll
0x00007ffd5ca30000 - 0x00007ffd5ca3a000 	D:\Unity\6000.0.47f1\Editor\Data\PlaybackEngines\AndroidPlayer\OpenJDK\bin\jimage.dll
0x00007ffdc6360000 - 0x00007ffdc6593000 	C:\Windows\SYSTEM32\DBGHELP.DLL
0x00007ffdcb220000 - 0x00007ffdcb5b3000 	C:\Windows\System32\combase.dll
0x00007ffdc9d60000 - 0x00007ffdc9e37000 	C:\Windows\System32\OLEAUT32.dll
0x00007ffdbd1f0000 - 0x00007ffdbd222000 	C:\Windows\SYSTEM32\dbgcore.DLL
0x00007ffdc9190000 - 0x00007ffdc920b000 	C:\Windows\System32\bcryptPrimitives.dll
0x00007ffd5ca00000 - 0x00007ffd5ca25000 	D:\Unity\6000.0.47f1\Editor\Data\PlaybackEngines\AndroidPlayer\OpenJDK\bin\java.dll

dbghelp: loaded successfully - version: 4.0.5 - missing functions: none
symbol engine: initialized successfully - sym options: 0x614 - pdb path: .;D:\Unity\6000.0.47f1\Editor\Data\PlaybackEngines\AndroidPlayer\OpenJDK\bin;C:\Windows\SYSTEM32;C:\Windows\WinSxS\amd64_microsoft.windows.common-controls_6595b64144ccf1df_6.0.22621.5415_none_270d77d17387d7da;D:\Unity\6000.0.47f1\Editor\Data\PlaybackEngines\AndroidPlayer\OpenJDK\bin\server

VM Arguments:
java_command: <unknown>
java_class_path (initial): <not set>
Launcher Type: SUN_STANDARD

[Global flags]
     intx CICompilerCount                          = 12                                        {product} {ergonomic}
     uint ConcGCThreads                            = 3                                         {product} {ergonomic}
     uint G1ConcRefinementThreads                  = 13                                        {product} {ergonomic}
   size_t G1HeapRegionSize                         = 2097152                                   {product} {ergonomic}
    uintx GCDrainStackTargetSize                   = 64                                        {product} {ergonomic}
   size_t InitialHeapSize                          = 264241152                                 {product} {ergonomic}
   size_t MarkStackSize                            = 4194304                                   {product} {ergonomic}
   size_t MaxHeapSize                              = 4198498304                                {product} {ergonomic}
   size_t MinHeapDeltaBytes                        = 2097152                                   {product} {ergonomic}
   size_t MinHeapSize                              = 8388608                                   {product} {ergonomic}
    uintx NonNMethodCodeHeapSize                   = 7602480                                {pd product} {ergonomic}
    uintx NonProfiledCodeHeapSize                  = 122027880                              {pd product} {ergonomic}
    uintx ProfiledCodeHeapSize                     = 122027880                              {pd product} {ergonomic}
    uintx ReservedCodeCacheSize                    = 251658240                              {pd product} {ergonomic}
     bool SegmentedCodeCache                       = true                                      {product} {ergonomic}
   size_t SoftMaxHeapSize                          = 4198498304                             {manageable} {ergonomic}
     bool UseCompressedClassPointers               = true                           {product lp64_product} {ergonomic}
     bool UseCompressedOops                        = true                           {product lp64_product} {ergonomic}
     bool UseG1GC                                  = true                                      {product} {ergonomic}
     bool UseLargePagesIndividualAllocation        = false                                  {pd product} {ergonomic}

Logging:
Log output configuration:
 #0: stdout all=warning uptime,level,tags
 #1: stderr all=off uptime,level,tags

Environment Variables:
PATH=C:\Program Files\Common Files\Oracle\Java\javapath;C:\Windows\system32;C:\Windows;C:\Windows\System32\Wbem;C:\Windows\System32\WindowsPowerShell\v1.0\;C:\Windows\System32\OpenSSH\;C:\Program Files (x86)\NVIDIA Corporation\PhysX\Common;C:\Program Files\NVIDIA Corporation\NVIDIA NvDLISR;C:\Program Files\Microsoft SQL Server\150\Tools\Binn\;D:\GIT\Git\cmd;D:\nodejs\;C:\Program Files\dotnet\;D:\Gradle\gradle-8.12.1-bin\gradle-8.12.1\bin;C:\Program Files (x86)\Microsoft SQL Server\160\Tools\Binn\;C:\Program Files\Microsoft SQL Server\160\Tools\Binn\;C:\Program Files\Microsoft SQL Server\Client SDK\ODBC\170\Tools\Binn\;C:\Program Files\Microsoft SQL Server\160\DTS\Binn\;C:\Program Files (x86)\Microsoft SQL Server\160\DTS\Binn\;D:\xampp\php;C:\Program Files\Java\jdk-22\bin;C:\Users\Thien Van\AppData\Local\Programs\Python\Python313\Scripts\;C:\Users\Thien Van\AppData\Local\Programs\Python\Python313\;C:\Windows\system32;C:\Windows;C:\Windows\System32\Wbem;C:\Windows\System32\WindowsPowerShell\v1.0\;C:\Windows\System32\OpenSSH\;C:\Program Files (x86)\NVIDIA Corporation\PhysX\Common;C:\Program Files\NVIDIA Corporation\NVIDIA NvDLISR;C:\Program Files\Microsoft SQL Server\150\Tools\Binn\;C:\Program Files\dotnet\;C:\Users\Thien Van\AppData\Local\Microsoft\WindowsApps;C:\Users\Thien Van\.dotnet\tools;C:\ProgramData\chocolatey\bin;C:\Users\Thien Van\AppData\Local\Programs\Microsoft VS Code\bin;C:\mingw64\bin;C:\ProgramData\Thien Van\GitHubDesktop\bin;C:\Users\Thien Van\AppData\Local\GitHubDesktop\bin;C:\Users\Thien Van\AppData\Roaming\npm;C:\Users\Thien Van\.dotnet\tools;D:\xampp\php;
USERNAME=Thien Van
OS=Windows_NT
PROCESSOR_IDENTIFIER=Intel64 Family 6 Model 186 Stepping 2, GenuineIntel
TMP=C:\Users\THIENV~1\AppData\Local\Temp
TEMP=C:\Users\THIENV~1\AppData\Local\Temp



Periodic native trim disabled


---------------  S Y S T E M  ---------------

OS:
 Windows 11 , 64 bit Build 22621 (10.0.22621.5415)
OS uptime: 7 days 5:32 hours
Hyper-V role detected

CPU: total 16 (initial active 16) (8 cores per cpu, 2 threads per core) family 6 model 186 stepping 2 microcode 0x4122, cx8, cmov, fxsr, ht, mmx, 3dnowpref, sse, sse2, sse3, ssse3, sse4.1, sse4.2, popcnt, lzcnt, tsc, tscinvbit, avx, avx2, aes, erms, clmul, bmi1, bmi2, adx, sha, fma, vzeroupper, clflush, clflushopt, clwb, hv
Processor Information for processor 0
  Max Mhz: 2400, Current Mhz: 2400, Mhz Limit: 2400
Processor Information for processor 1
  Max Mhz: 2400, Current Mhz: 2400, Mhz Limit: 2400
Processor Information for processor 2
  Max Mhz: 2400, Current Mhz: 2400, Mhz Limit: 2400
Processor Information for processor 3
  Max Mhz: 2400, Current Mhz: 2400, Mhz Limit: 2400
Processor Information for processor 4
  Max Mhz: 2400, Current Mhz: 2400, Mhz Limit: 2400
Processor Information for processor 5
  Max Mhz: 2400, Current Mhz: 2400, Mhz Limit: 2400
Processor Information for processor 6
  Max Mhz: 2400, Current Mhz: 2400, Mhz Limit: 2400
Processor Information for processor 7
  Max Mhz: 2400, Current Mhz: 2400, Mhz Limit: 2400
Processor Information for processor 8
  Max Mhz: 2400, Current Mhz: 2400, Mhz Limit: 2400
Processor Information for processor 9
  Max Mhz: 2400, Current Mhz: 2400, Mhz Limit: 2400
Processor Information for processor 10
  Max Mhz: 2400, Current Mhz: 2400, Mhz Limit: 2400
Processor Information for processor 11
  Max Mhz: 2400, Current Mhz: 2400, Mhz Limit: 2400
Processor Information for processor 12
  Max Mhz: 2400, Current Mhz: 1466, Mhz Limit: 2400
Processor Information for processor 13
  Max Mhz: 2400, Current Mhz: 2400, Mhz Limit: 2400
Processor Information for processor 14
  Max Mhz: 2400, Current Mhz: 2400, Mhz Limit: 2400
Processor Information for processor 15
  Max Mhz: 2400, Current Mhz: 2400, Mhz Limit: 2400

Memory: 4k page, system-wide physical 16010M (565M free)
TotalPageFile size 42690M (AvailPageFile size 216M)
current process WorkingSet (physical memory assigned to process): 12M, peak: 12M
current process commit charge ("private bytes"): 71M, peak: 322M

vm_info: OpenJDK 64-Bit Server VM (17.0.9+9) for windows-amd64 JRE (17.0.9+9), built on Oct 26 2023 14:01:42 by "admin" with MS VC++ 16.10 / 16.11 (VS2019)

END.
